<?xml version="1.0" encoding="UTF-8"?>
<!-- Generated by org.testng.reporters.JUnitReportReporter -->
<testsuite skipped="0" hostname="DELL-PC" name="com.crm.qa.testcases.ContactsTest" tests="6" failures="0" timestamp="16 Dec 2018 06:10:08 GMT" time="162.429" errors="0">
  <testcase name="verifycontactspagelabel" time="24.827" classname="com.crm.qa.testcases.ContactsTest"/>
  <testcase name="selectcontactstest" time="18.110" classname="com.crm.qa.testcases.ContactsTest"/>
  <testcase name="validatecontacts" time="31.722" classname="com.crm.qa.testcases.ContactsTest"/>
  <testcase name="validatecontacts" time="34.218" classname="com.crm.qa.testcases.ContactsTest"/>
  <testcase name="validatecontacts" time="26.940" classname="com.crm.qa.testcases.ContactsTest"/>
  <testcase name="validatecontacts" time="26.612" classname="com.crm.qa.testcases.ContactsTest"/>
</testsuite> <!-- com.crm.qa.testcases.ContactsTest -->
