<?xml version="1.0" encoding="UTF-8"?>
<!-- Generated by org.testng.reporters.JUnitReportReporter -->
<testsuite skipped="0" hostname="DELL-PC" name="com.crm.qa.testcases.HomePageTest" tests="3" failures="0" timestamp="16 Dec 2018 14:37:04 GMT" time="81.140" errors="0">
  <testcase name="verifyhomepagetitletest" time="23.861" classname="com.crm.qa.testcases.HomePageTest"/>
  <testcase name="verifyusernametest" time="37.264" classname="com.crm.qa.testcases.HomePageTest"/>
  <testcase name="verifycontactslink" time="20.015" classname="com.crm.qa.testcases.HomePageTest"/>
</testsuite> <!-- com.crm.qa.testcases.HomePageTest -->
