<?xml version="1.0" encoding="UTF-8"?>
<!-- Generated by org.testng.reporters.JUnitReportReporter -->
<testsuite skipped="0" hostname="DELL-PC" name="com.crm.qa.testcases.LoginPageTest" tests="3" failures="0" timestamp="16 Dec 2018 14:37:04 GMT" time="-1065.458" errors="0">
  <testcase name="LoginPageTitleTest" time="14.545" classname="com.crm.qa.testcases.LoginPageTest"/>
  <testcase name="CrmLogoImageTest" time="-1101.335" classname="com.crm.qa.testcases.LoginPageTest"/>
  <testcase name="LoginTest" time="21.332" classname="com.crm.qa.testcases.LoginPageTest"/>
</testsuite> <!-- com.crm.qa.testcases.LoginPageTest -->
